\o Program:		@(#)$CDS: cdsLibEditor version 6.1.8 - CAT37 09/15/2020 20:28 (sjfhw492) $
\o Sub version:		sub-version  s146 
\o Arguments:		-display localhost:10.0 -mpssession virtuoso25771 -mpshost ipe-iperic-simsrv1 -namespace CDBA -cdslib /home/rmaina/cds.lib 
\o Working Directory:	ipe-iperic-simsrv1:/home/rmaina
\o 64-bit offsets
\a nrSetWindowVisibility(cdsLibEditor "show")
\o Qt version: 		5.9.1
\a nrSetCurrentWindow(cdsLibEditor)
\a nrListItemAction(cdsLibEditor->mainTable 0 0)
\o Active cell: 0 0 "analogLib"
\a nrResizeWindow(cdsLibEditor list(38 65 500 400))
\a nrResizeWindow(cdsLibEditor list(459 72 500 400))
\a cdsLibEditor->editAddLibButton->value = t
\a newLibraryDialog->filePathComboBox->value = "/home/rmaina"
\a newLibraryDialog->useMappedName->value = nil
\a nrSetWindowVisibility(newLibraryDialog "show")
\a nrSetCurrentWindow(newLibraryDialog)
\a nrResizeWindow(newLibraryDialog list(444 27 531 513))
\a newLibraryDialog->dirListWidget->value = "rmaina"
\a newLibraryDialog->filePathComboBox->value = "/home/rmaina/rmaina"
\a newLibraryDialog->dirListWidget->value = nil
\a newLibraryDialog->filePathComboBox->value = "/home/rmaina"
\a newLibraryDialog->dirListWidget->value = "rmaina"
\a newLibraryDialog->filePathComboBox->value = "/home/rmaina/rmaina"
\a newLibraryDialog->dirListWidget->value = nil
\a newLibraryDialog->filePathComboBox->value = "/home/rmaina"
\a nrListItemAction(newLibraryDialog->dirListWidget 13 0)
\a newLibraryDialog->filePathComboBox->value = "/home/rmaina/rmaina"
\a newLibraryDialog->dirListWidget->value = ".."
\a newLibraryDialog->filePathComboBox->value = "/home/rmaina/rmaina/.."
\a newLibraryDialog->cancelButton->value = t
\a nrSetCurrentWindow(cdsLibEditor)
\a nrResizeWindow(newLibraryDialog list(444 -10 531 513))
\a exit(0)
